TN:
SF:src/hooks/OrderHook.sol
FN:26,OrderHook.postPlaceOrder
FNDA:0,OrderHook.postPlaceOrder
DA:27,0
BRDA:27,0,0,-
BRDA:27,0,1,-
DA:28,0
DA:30,0
DA:31,0
DA:32,0
FN:35,OrderHook.postPlaceSwapOrder
FNDA:0,OrderHook.postPlaceSwapOrder
DA:36,0
BRDA:36,1,0,-
BRDA:36,1,1,-
DA:37,0
DA:39,0
DA:40,0
DA:41,0
FN:44,OrderHook.validateSender
FNDA:0,OrderHook.validateSender
DA:45,0
BRDA:45,2,0,-
BRDA:45,2,1,-
FNF:3
FNH:0
LF:11
LH:0
BRF:6
BRH:0
end_of_record
TN:
SF:src/hooks/PoolHook.sol
FN:37,PoolHook.validatePool
FNDA:0,PoolHook.validatePool
DA:38,0
BRDA:38,0,0,-
BRDA:38,0,1,-
FN:46,PoolHook.postIncreasePosition
FNDA:0,PoolHook.postIncreasePosition
DA:53,0
DA:54,0
DA:55,0
FN:58,PoolHook.postDecreasePosition
FNDA:0,PoolHook.postDecreasePosition
DA:65,0
DA:66,0
DA:67,0
DA:68,0
DA:69,0
FN:72,PoolHook.postLiquidatePosition
FNDA:0,PoolHook.postLiquidatePosition
DA:79,0
DA:80,0
DA:82,0
FN:85,PoolHook.postSwap
FNDA:0,PoolHook.postSwap
DA:86,0
DA:87,0
DA:88,0
DA:89,0
DA:90,0
DA:91,0
DA:92,0
DA:93,0
DA:94,0
BRDA:94,1,0,-
BRDA:94,1,1,-
DA:95,0
DA:98,0
DA:99,0
FN:104,PoolHook.setReferralController
FNDA:0,PoolHook.setReferralController
DA:105,0
BRDA:105,2,0,-
BRDA:105,2,1,-
DA:106,0
DA:107,0
FN:110,PoolHook.setMultipliers
FNDA:0,PoolHook.setMultipliers
DA:115,0
BRDA:115,3,0,-
BRDA:115,3,1,-
DA:116,0
BRDA:116,4,0,-
BRDA:116,4,1,-
DA:117,0
BRDA:117,5,0,-
BRDA:117,5,1,-
DA:118,0
DA:119,0
DA:120,0
DA:121,0
FN:126,PoolHook._updateReferralData
FNDA:0,PoolHook._updateReferralData
DA:127,0
BRDA:127,6,0,-
BRDA:127,6,1,-
DA:128,0
FN:132,PoolHook._handlePositionClosed
FNDA:0,PoolHook._handlePositionClosed
DA:139,0
DA:140,0
DA:142,0
BRDA:142,7,0,-
BRDA:142,7,1,-
DA:143,0
FN:147,PoolHook._getPrice
FNDA:0,PoolHook._getPrice
DA:148,0
DA:149,0
FN:152,PoolHook._isStableSwap
FNDA:0,PoolHook._isStableSwap
DA:153,0
DA:154,0
FNF:11
FNH:0
LF:44
LH:0
BRF:16
BRH:0
end_of_record
TN:
SF:src/lib/MathUtils.sol
FN:4,MathUtils.diff
FNDA:0,MathUtils.diff
DA:6,0
FN:10,MathUtils.zeroCapSub
FNDA:0,MathUtils.zeroCapSub
DA:12,0
FN:16,MathUtils.frac
FNDA:0,MathUtils.frac
DA:17,0
FN:20,MathUtils.min
FNDA:0,MathUtils.min
DA:21,0
FN:24,MathUtils.addThenSubWithFraction
FNDA:0,MathUtils.addThenSubWithFraction
DA:29,0
FNF:5
FNH:0
LF:5
LH:0
BRF:0
BRH:0
end_of_record
TN:
SF:src/lib/PositionUtils.sol
FN:11,PositionUtils.calcPnl
FNDA:21,PositionUtils.calcPnl
DA:16,21
BRDA:16,0,0,2
BRDA:16,0,1,19
DA:17,2
DA:19,19
BRDA:19,1,0,13
BRDA:19,1,1,6
DA:20,13
DA:22,6
FN:29,PositionUtils.calcAveragePrice
FNDA:0,PositionUtils.calcAveragePrice
DA:37,0
BRDA:37,2,0,-
BRDA:37,2,1,-
DA:38,0
DA:40,0
BRDA:40,3,0,-
BRDA:40,3,1,-
DA:41,0
DA:43,0
DA:44,0
DA:45,0
DA:46,0
FNF:2
FNH:1
LF:13
LH:5
BRF:8
BRH:4
end_of_record
TN:
SF:src/lib/SignedInt.sol
FN:17,SignedIntOps.add
FNDA:0,SignedIntOps.add
DA:18,0
BRDA:18,0,0,-
BRDA:18,0,1,-
DA:19,0
DA:22,0
BRDA:22,1,0,-
BRDA:22,1,1,-
DA:23,0
DA:27,0
DA:28,0
FN:32,SignedIntOps.inv
FNDA:0,SignedIntOps.inv
DA:33,0
FN:36,SignedIntOps.sub
FNDA:0,SignedIntOps.sub
DA:37,0
FN:40,SignedIntOps.mul
FNDA:0,SignedIntOps.mul
DA:41,0
DA:42,0
DA:43,0
FN:46,SignedIntOps.div
FNDA:0,SignedIntOps.div
DA:47,0
DA:48,0
DA:49,0
FN:52,SignedIntOps.add
FNDA:0,SignedIntOps.add
DA:53,0
FN:56,SignedIntOps.sub
FNDA:0,SignedIntOps.sub
DA:57,0
FN:60,SignedIntOps.mul
FNDA:0,SignedIntOps.mul
DA:61,0
FN:64,SignedIntOps.div
FNDA:0,SignedIntOps.div
DA:65,0
FN:68,SignedIntOps.wrap
FNDA:0,SignedIntOps.wrap
DA:69,0
FN:72,SignedIntOps.toUint
FNDA:0,SignedIntOps.toUint
DA:73,0
BRDA:73,2,0,-
BRDA:73,2,1,-
DA:74,0
BRDA:74,3,0,-
BRDA:74,3,1,-
DA:75,0
FN:78,SignedIntOps.gt
FNDA:0,SignedIntOps.gt
DA:79,0
FN:82,SignedIntOps.lt
FNDA:0,SignedIntOps.lt
DA:83,0
FN:86,SignedIntOps.isNeg
FNDA:0,SignedIntOps.isNeg
DA:87,0
FN:90,SignedIntOps.isPos
FNDA:0,SignedIntOps.isPos
DA:91,0
FN:94,SignedIntOps.frac
FNDA:0,SignedIntOps.frac
DA:95,0
FNF:16
FNH:0
LF:27
LH:0
BRF:8
BRH:0
end_of_record
TN:
SF:src/oracle/RwaxOracle.sol
FN:46,RwaxOracle.postPrices
FNDA:0,RwaxOracle.postPrices
DA:47,0
BRDA:47,0,0,-
BRDA:47,0,1,-
DA:48,0
DA:49,0
BRDA:49,1,0,-
BRDA:49,1,1,-
DA:50,0
DA:51,0
DA:53,0
FN:59,RwaxOracle.getMultiplePrices
FNDA:0,RwaxOracle.getMultiplePrices
DA:60,0
DA:61,0
DA:63,0
DA:64,0
DA:66,0
DA:70,0
FN:73,RwaxOracle.getPrice
FNDA:0,RwaxOracle.getPrice
DA:74,0
FN:77,RwaxOracle.getLastPrice
FNDA:0,RwaxOracle.getLastPrice
DA:78,0
FN:88,RwaxOracle.configToken
FNDA:0,RwaxOracle.configToken
DA:96,0
BRDA:96,2,0,-
BRDA:96,2,1,-
DA:97,0
BRDA:97,3,0,-
BRDA:97,3,1,-
DA:98,0
BRDA:98,4,0,-
BRDA:98,4,1,-
DA:99,0
BRDA:99,5,0,-
BRDA:99,5,1,-
DA:101,0
BRDA:101,6,0,-
BRDA:101,6,1,-
DA:102,0
DA:105,0
DA:112,0
FN:115,RwaxOracle.addReporter
FNDA:0,RwaxOracle.addReporter
DA:116,0
BRDA:116,7,0,-
BRDA:116,7,1,-
DA:117,0
DA:118,0
DA:119,0
FN:122,RwaxOracle.removeReporter
FNDA:0,RwaxOracle.removeReporter
DA:123,0
BRDA:123,8,0,-
BRDA:123,8,1,-
DA:124,0
BRDA:124,9,0,-
BRDA:124,9,1,-
DA:125,0
DA:126,0
DA:127,0
BRDA:127,10,0,-
BRDA:127,10,1,-
DA:128,0
DA:129,0
DA:132,0
DA:133,0
FN:139,RwaxOracle._postPrice
FNDA:0,RwaxOracle._postPrice
DA:140,0
DA:141,0
BRDA:141,11,0,-
BRDA:141,11,1,-
DA:142,0
DA:143,0
DA:144,0
DA:145,0
DA:146,0
FN:149,RwaxOracle._getPrice
FNDA:0,RwaxOracle._getPrice
DA:150,0
DA:151,0
DA:152,0
DA:153,0
BRDA:153,12,0,-
BRDA:153,12,1,-
DA:154,0
DA:157,0
BRDA:157,13,0,-
BRDA:157,13,1,-
DA:158,0
DA:161,0
BRDA:161,14,0,-
BRDA:161,14,1,-
DA:162,0
DA:165,0
BRDA:165,15,0,-
BRDA:165,15,1,-
DA:166,0
DA:170,0
FN:173,RwaxOracle._min
FNDA:0,RwaxOracle._min
DA:174,0
FN:177,RwaxOracle._max
FNDA:0,RwaxOracle._max
DA:178,0
FN:181,RwaxOracle._getPriceSpread
FNDA:0,RwaxOracle._getPriceSpread
DA:182,0
FN:185,RwaxOracle._getReferencePrice
FNDA:0,RwaxOracle._getReferencePrice
DA:190,0
DA:191,0
DA:192,0
BRDA:192,16,0,-
BRDA:192,16,1,-
DA:193,0
DA:194,0
DA:195,0
DA:196,0
DA:197,0
FN:200,RwaxOracle._getLastPrice
FNDA:0,RwaxOracle._getLastPrice
DA:201,0
FNF:14
FNH:0
LF:66
LH:0
BRF:34
BRH:0
end_of_record
TN:
SF:src/orders/ETHUnwrapper.sol
FN:17,ETHUnwrapper.unwrap
FNDA:2,ETHUnwrapper.unwrap
DA:18,2
DA:19,2
DA:21,2
FN:24,ETHUnwrapper._safeTransferETH
FNDA:2,ETHUnwrapper._safeTransferETH
DA:26,2
DA:27,2
BRDA:27,0,0,-
BRDA:27,0,1,2
FNF:2
FNH:2
LF:5
LH:5
BRF:2
BRH:1
end_of_record
TN:
SF:src/orders/OrderManager.sol
FN:79,OrderManager.initialize
FNDA:0,OrderManager.initialize
DA:83,0
DA:84,0
DA:85,0
BRDA:85,0,0,-
BRDA:85,0,1,-
DA:86,0
BRDA:86,1,0,-
BRDA:86,1,1,-
DA:87,0
BRDA:87,2,0,-
BRDA:87,2,1,-
DA:88,0
BRDA:88,3,0,-
BRDA:88,3,1,-
DA:89,0
DA:90,0
DA:91,0
DA:92,0
DA:93,0
DA:94,0
FN:97,OrderManager.reinit
FNDA:0,OrderManager.reinit
DA:98,0
DA:99,0
DA:100,0
DA:101,0
FN:105,OrderManager.getOrders
FNDA:0,OrderManager.getOrders
DA:110,0
DA:111,0
DA:112,0
DA:113,0
DA:114,0
DA:115,0
DA:116,0
FN:120,OrderManager.getSwapOrders
FNDA:0,OrderManager.getSwapOrders
DA:125,0
DA:126,0
DA:127,0
DA:128,0
DA:129,0
DA:130,0
DA:131,0
FN:136,OrderManager.placeOrder
FNDA:4,OrderManager.placeOrder
DA:144,4
DA:145,4
BRDA:145,4,0,-
BRDA:145,4,1,4
DA:146,4
DA:147,4
BRDA:147,5,0,2
BRDA:147,5,1,2
DA:148,2
DA:150,2
DA:152,4
FN:155,OrderManager.placeSwapOrder
FNDA:0,OrderManager.placeSwapOrder
DA:160,0
DA:161,0
DA:163,0
BRDA:163,6,0,-
BRDA:163,6,1,-
DA:168,0
DA:169,0
BRDA:169,7,0,-
BRDA:169,7,1,-
DA:170,0
DA:171,0
DA:173,0
DA:174,0
DA:177,0
BRDA:177,8,0,-
BRDA:177,8,1,-
DA:179,0
DA:189,0
DA:190,0
DA:191,0
DA:192,0
FN:195,OrderManager.swap
FNDA:2,OrderManager.swap
DA:196,2
DA:197,2
DA:198,2
DA:199,2
BRDA:199,9,0,1
BRDA:199,9,1,2
DA:200,1
DA:202,2
FN:205,OrderManager.executeOrder
FNDA:4,OrderManager.executeOrder
DA:206,4
DA:207,4
BRDA:207,10,0,-
BRDA:207,10,1,4
DA:208,4
BRDA:208,11,0,-
BRDA:208,11,1,4
DA:209,4
BRDA:209,12,0,-
BRDA:209,12,1,4
DA:211,4
BRDA:211,13,0,-
BRDA:211,13,1,4
DA:212,0
DA:213,0
DA:216,4
DA:217,4
DA:218,4
DA:219,4
BRDA:219,14,0,-
BRDA:219,14,1,4
DA:220,0
DA:223,4
DA:224,4
DA:225,4
DA:226,4
DA:227,4
FN:230,OrderManager._getMarkPrice
FNDA:4,OrderManager._getMarkPrice
DA:231,4
DA:232,4
FN:235,OrderManager.cancelOrder
FNDA:0,OrderManager.cancelOrder
DA:236,0
DA:237,0
BRDA:237,15,0,-
BRDA:237,15,1,-
DA:238,0
DA:240,0
DA:241,0
DA:243,0
DA:244,0
BRDA:244,16,0,-
BRDA:244,16,1,-
DA:245,0
DA:248,0
FN:251,OrderManager.cancelSwapOrder
FNDA:0,OrderManager.cancelSwapOrder
DA:252,0
DA:253,0
BRDA:253,17,0,-
BRDA:253,17,1,-
DA:254,0
DA:255,0
DA:256,0
DA:257,0
FN:260,OrderManager.executeSwapOrder
FNDA:0,OrderManager.executeSwapOrder
DA:261,0
DA:262,0
BRDA:262,18,0,-
BRDA:262,18,1,-
DA:263,0
DA:264,0
DA:265,0
DA:266,0
BRDA:266,19,0,-
BRDA:266,19,1,-
DA:267,0
DA:269,0
DA:270,0
DA:272,0
DA:273,0
BRDA:273,20,0,-
BRDA:273,20,1,-
DA:274,0
FN:277,OrderManager._executeRequest
FNDA:4,OrderManager._executeRequest
DA:278,4
BRDA:278,21,0,-
BRDA:278,21,1,2
DA:279,2
DA:280,2
DA:284,2
DA:285,2
DA:286,2
DA:295,2
DA:296,2
BRDA:296,22,0,1
BRDA:296,22,1,1
DA:297,1
DA:298,1
BRDA:298,23,0,-
BRDA:298,23,1,-
DA:299,0
DA:300,0
DA:302,1
FN:307,OrderManager._createDecreasePositionOrder
FNDA:2,OrderManager._createDecreasePositionOrder
DA:314,2
DA:315,2
DA:316,2
DA:318,2
BRDA:318,24,0,-
BRDA:318,24,1,2
DA:319,2
DA:321,2
DA:323,0
DA:332,2
DA:333,2
DA:334,2
DA:335,2
DA:336,2
DA:337,2
DA:338,2
DA:339,2
BRDA:339,25,0,-
BRDA:339,25,1,2
DA:341,2
DA:342,2
DA:343,2
DA:344,2
DA:345,2
DA:346,2
DA:348,2
BRDA:348,26,0,-
BRDA:348,26,1,-
DA:349,0
DA:352,2
FN:355,OrderManager._createIncreasePositionOrder
FNDA:2,OrderManager._createIncreasePositionOrder
DA:362,2
DA:363,2
DA:364,2
DA:365,2
DA:366,2
DA:367,2
DA:368,2
DA:371,2
BRDA:371,27,0,-
BRDA:371,27,1,2
DA:372,2
BRDA:372,28,0,-
BRDA:372,28,1,2
DA:374,2
DA:375,2
DA:376,2
DA:377,2
DA:378,2
DA:379,2
DA:380,2
DA:381,2
BRDA:381,29,0,-
BRDA:381,29,1,2
DA:382,2
DA:383,2
DA:384,2
DA:385,2
DA:386,2
DA:387,2
DA:390,2
BRDA:390,30,0,-
BRDA:390,30,1,1
DA:391,1
BRDA:391,31,0,-
BRDA:391,31,1,1
DA:392,1
DA:393,1
BRDA:393,32,0,-
BRDA:393,32,1,1
DA:395,0
DA:398,1
BRDA:398,33,0,1
BRDA:398,33,1,1
DA:399,1
DA:402,2
BRDA:402,34,0,-
BRDA:402,34,1,-
DA:403,0
DA:406,2
FN:409,OrderManager._poolSwap
FNDA:2,OrderManager._poolSwap
DA:417,2
DA:418,2
DA:419,2
BRDA:419,35,0,-
BRDA:419,35,1,1
DA:420,1
DA:421,1
DA:423,1
DA:425,2
FN:428,OrderManager._doSwap
FNDA:2,OrderManager._doSwap
DA:435,2
DA:436,2
DA:437,2
DA:438,2
FN:441,OrderManager._expiresOrder
FNDA:0,OrderManager._expiresOrder
DA:442,0
DA:443,0
DA:444,0
DA:445,0
DA:447,0
DA:448,0
BRDA:448,36,0,-
BRDA:448,36,1,-
DA:449,0
FN:453,OrderManager._refundCollateral
FNDA:0,OrderManager._refundCollateral
DA:454,0
BRDA:454,37,0,-
BRDA:454,37,1,-
DA:455,0
DA:457,0
FN:461,OrderManager._safeTransferETH
FNDA:4,OrderManager._safeTransferETH
DA:463,4
DA:464,4
BRDA:464,38,0,-
BRDA:464,38,1,4
FN:467,OrderManager._safeUnwrapETH
FNDA:2,OrderManager._safeUnwrapETH
DA:468,2
DA:469,2
FN:472,OrderManager._validateExecutor
FNDA:4,OrderManager._validateExecutor
DA:473,4
BRDA:473,39,0,-
BRDA:473,39,1,4
FN:478,OrderManager.setOracle
FNDA:0,OrderManager.setOracle
DA:479,0
BRDA:479,40,0,-
BRDA:479,40,1,-
DA:480,0
DA:481,0
FN:484,OrderManager.setPool
FNDA:0,OrderManager.setPool
DA:485,0
BRDA:485,41,0,-
BRDA:485,41,1,-
DA:486,0
BRDA:486,42,0,-
BRDA:486,42,1,-
DA:487,0
DA:488,0
FN:491,OrderManager.setMinExecutionFee
FNDA:0,OrderManager.setMinExecutionFee
DA:492,0
BRDA:492,43,0,-
BRDA:492,43,1,-
DA:493,0
BRDA:493,44,0,-
BRDA:493,44,1,-
DA:494,0
DA:495,0
FN:498,OrderManager.setOrderHook
FNDA:0,OrderManager.setOrderHook
DA:499,0
DA:500,0
FN:503,OrderManager.setExecutor
FNDA:0,OrderManager.setExecutor
DA:504,0
BRDA:504,45,0,-
BRDA:504,45,1,-
DA:505,0
DA:506,0
FNF:27
FNH:12
LF:216
LH:109
BRF:92
BRH:26
end_of_record
TN:
SF:src/pool/LiquidityRouter.sol
FN:25,LiquidityRouter.addLiquidityETH
FNDA:11,LiquidityRouter.addLiquidityETH
DA:26,11
DA:27,11
DA:28,11
DA:29,11
FN:32,LiquidityRouter.addLiquidity
FNDA:49,LiquidityRouter.addLiquidity
DA:35,49
DA:36,49
DA:37,48
DA:38,48
FN:41,LiquidityRouter.removeLiquidityETH
FNDA:0,LiquidityRouter.removeLiquidityETH
DA:45,0
DA:46,0
DA:47,0
DA:48,0
DA:49,0
DA:50,0
DA:51,0
DA:52,0
FN:55,LiquidityRouter.removeLiquidity
FNDA:3,LiquidityRouter.removeLiquidity
DA:58,3
DA:59,3
DA:60,3
DA:61,3
FN:64,LiquidityRouter.safeTransferETH
FNDA:0,LiquidityRouter.safeTransferETH
DA:66,0
DA:67,0
BRDA:67,0,0,-
BRDA:67,0,1,-
FNF:5
FNH:3
LF:22
LH:12
BRF:2
BRH:0
end_of_record
TN:
SF:src/pool/Pool.sol
FN:94,Pool.initialize
FNDA:0,Pool.initialize
DA:102,0
DA:103,0
DA:104,0
DA:105,0
DA:106,0
DA:107,0
DA:108,0
FN:113,Pool.validateToken
FNDA:4,Pool.validateToken
DA:118,4
FN:121,Pool.getPoolAsset
FNDA:26,Pool.getPoolAsset
DA:122,26
FN:125,Pool.getAllTranchesLength
FNDA:26,Pool.getAllTranchesLength
DA:126,26
FN:129,Pool.getPoolValue
FNDA:0,Pool.getPoolValue
DA:130,0
FN:133,Pool.getTrancheValue
FNDA:5,Pool.getTrancheValue
DA:134,5
DA:135,5
FN:138,Pool.calcSwapOutput
FNDA:0,Pool.calcSwapOutput
DA:143,0
FN:146,Pool.calcRemoveLiquidity
FNDA:0,Pool.calcRemoveLiquidity
DA:151,0
FN:156,Pool.addLiquidity
FNDA:59,Pool.addLiquidity
DA:161,59
DA:162,59
DA:163,59
DA:165,59
DA:166,59
BRDA:166,0,0,-
BRDA:166,0,1,59
DA:167,0
DA:170,59
DA:171,59
DA:172,59
DA:174,59
DA:175,59
FN:178,Pool.removeLiquidity
FNDA:3,Pool.removeLiquidity
DA:183,3
DA:184,3
DA:185,3
DA:186,3
DA:188,3
DA:189,3
DA:190,3
BRDA:190,1,0,-
BRDA:190,1,1,3
DA:191,0
DA:194,3
DA:195,3
BRDA:195,2,0,-
BRDA:195,2,1,3
DA:196,0
DA:199,3
DA:200,3
DA:201,3
DA:203,3
DA:204,3
DA:206,3
FN:209,Pool.swap
FNDA:7,Pool.swap
DA:215,7
BRDA:215,3,0,-
BRDA:215,3,1,7
DA:216,0
DA:218,7
DA:219,7
DA:220,7
DA:221,6
DA:222,6
BRDA:222,4,0,-
BRDA:222,4,1,6
DA:223,0
DA:225,6
DA:226,6
DA:227,6
DA:228,6
DA:229,6
DA:230,6
BRDA:230,5,0,-
BRDA:230,5,1,-
DA:231,0
FN:235,Pool.increasePosition
FNDA:16,Pool.increasePosition
DA:242,15
DA:243,15
DA:244,15
DA:245,15
DA:246,15
DA:247,15
DA:248,15
DA:249,15
DA:250,15
DA:251,15
DA:254,15
DA:255,15
DA:256,15
DA:257,15
DA:265,15
DA:267,15
DA:268,15
DA:269,15
DA:271,15
DA:274,15
DA:275,14
DA:277,14
DA:289,14
DA:299,14
BRDA:299,6,0,-
BRDA:299,6,1,-
DA:300,0
FN:310,Pool.decreasePosition
FNDA:10,Pool.decreasePosition
DA:319,9
DA:320,9
DA:321,9
DA:322,9
DA:324,9
BRDA:324,7,0,-
BRDA:324,7,1,9
DA:325,0
DA:328,9
DA:329,9
DA:331,9
DA:332,9
DA:333,9
DA:334,9
DA:335,9
DA:337,9
DA:339,9
DA:341,9
DA:353,9
BRDA:353,8,0,7
BRDA:353,8,1,2
DA:354,7
DA:363,7
DA:365,2
DA:374,2
DA:376,9
DA:378,9
BRDA:378,9,0,-
BRDA:378,9,1,-
DA:379,0
FN:389,Pool.liquidatePosition
FNDA:3,Pool.liquidatePosition
DA:390,3
DA:391,3
DA:393,3
DA:394,3
DA:395,3
DA:396,3
BRDA:396,10,0,-
BRDA:396,10,1,3
DA:397,0
DA:400,3
DA:404,3
DA:405,3
DA:406,3
DA:408,3
DA:422,3
DA:423,3
DA:424,3
DA:426,3
BRDA:426,11,0,-
BRDA:426,11,1,-
DA:427,0
FN:433,Pool.refreshVirtualPoolValue
FNDA:0,Pool.refreshVirtualPoolValue
DA:434,62
FN:438,Pool.addTranche
FNDA:0,Pool.addTranche
DA:439,0
BRDA:439,12,0,-
BRDA:439,12,1,-
DA:440,0
DA:442,0
DA:443,0
BRDA:443,13,0,-
BRDA:443,13,1,-
DA:444,0
DA:446,0
DA:447,0
DA:448,0
FN:456,Pool.setRiskFactor
FNDA:0,Pool.setRiskFactor
DA:457,0
BRDA:457,14,0,-
BRDA:457,14,1,-
DA:458,0
DA:460,0
DA:461,0
DA:462,0
DA:463,0
BRDA:463,15,0,-
BRDA:463,15,1,-
DA:464,0
DA:466,0
DA:467,0
DA:469,0
DA:470,0
FN:473,Pool.addToken
FNDA:0,Pool.addToken
DA:474,0
BRDA:474,16,0,-
BRDA:474,16,1,-
DA:475,0
DA:476,0
DA:477,0
DA:478,0
DA:479,0
BRDA:479,17,0,-
BRDA:479,17,1,-
DA:480,0
DA:482,0
DA:483,0
DA:486,0
BRDA:486,18,0,-
BRDA:486,18,1,-
DA:487,0
DA:491,0
DA:492,0
FN:495,Pool.delistToken
FNDA:0,Pool.delistToken
DA:496,0
BRDA:496,19,0,-
BRDA:496,19,1,-
DA:497,0
DA:499,0
DA:500,0
DA:501,0
DA:502,0
DA:503,0
FN:506,Pool.setMaxLeverage
FNDA:0,Pool.setMaxLeverage
DA:507,0
FN:510,Pool.setMaintenanceMargin
FNDA:0,Pool.setMaintenanceMargin
DA:511,0
FN:514,Pool.setOracle
FNDA:1,Pool.setOracle
DA:515,1
DA:516,1
DA:517,1
DA:518,1
FN:521,Pool.setSwapFee
FNDA:2,Pool.setSwapFee
DA:527,2
DA:528,2
DA:529,2
DA:530,2
DA:531,2
DA:532,2
DA:533,2
DA:534,2
DA:535,2
FN:538,Pool.setAddRemoveLiquidityFee
FNDA:0,Pool.setAddRemoveLiquidityFee
DA:539,0
DA:540,0
DA:541,0
FN:544,Pool.setPositionFee
FNDA:8,Pool.setPositionFee
DA:545,8
FN:548,Pool.setDaoFee
FNDA:0,Pool.setDaoFee
DA:549,0
DA:550,0
DA:551,0
FN:554,Pool.setInterestRate
FNDA:3,Pool.setInterestRate
DA:555,3
FN:558,Pool.setOrderManager
FNDA:10,Pool.setOrderManager
DA:559,9
DA:560,9
DA:561,9
FN:564,Pool.withdrawFee
FNDA:0,Pool.withdrawFee
DA:565,0
DA:566,0
DA:567,0
DA:568,0
DA:569,0
FN:573,Pool.reduceDaoFee
FNDA:0,Pool.reduceDaoFee
DA:574,0
DA:575,0
DA:576,0
DA:577,0
DA:578,0
DA:579,0
DA:581,0
DA:582,0
FN:585,Pool.setFeeDistributor
FNDA:0,Pool.setFeeDistributor
DA:586,0
DA:587,0
DA:588,0
FN:591,Pool.setTargetWeight
FNDA:0,Pool.setTargetWeight
DA:592,0
BRDA:592,20,0,-
BRDA:592,20,1,-
DA:593,0
DA:595,0
DA:596,0
DA:597,0
DA:598,0
BRDA:598,21,0,-
BRDA:598,21,1,-
DA:600,0
DA:601,0
DA:602,0
DA:604,0
DA:605,0
FN:608,Pool.setPoolHook
FNDA:0,Pool.setPoolHook
DA:609,0
DA:610,0
FN:614,Pool._setMaxLeverage
FNDA:0,Pool._setMaxLeverage
DA:615,0
BRDA:615,22,0,-
BRDA:615,22,1,-
DA:616,0
DA:618,0
DA:619,0
FN:622,Pool._setMaintenanceMargin
FNDA:0,Pool._setMaintenanceMargin
DA:623,0
DA:624,0
DA:625,0
FN:628,Pool._setInterestRate
FNDA:3,Pool._setInterestRate
DA:629,3
BRDA:629,23,0,-
BRDA:629,23,1,3
DA:630,0
DA:632,3
DA:633,3
DA:634,3
DA:635,3
FN:638,Pool._setPositionFee
FNDA:8,Pool._setPositionFee
DA:639,8
DA:640,8
DA:641,8
DA:642,8
DA:643,8
FN:646,Pool._validateToken
FNDA:31,Pool._validateToken
DA:651,31
BRDA:651,24,0,-
BRDA:651,24,1,31
DA:652,0
DA:655,31
BRDA:655,25,0,-
BRDA:655,25,1,31
DA:656,0
DA:659,31
FN:662,Pool._calcAddLiquidity
FNDA:59,Pool._calcAddLiquidity
DA:667,59
BRDA:667,26,0,-
BRDA:667,26,1,59
DA:668,0
DA:670,59
DA:671,59
DA:672,59
DA:673,59
DA:674,59
DA:675,59
DA:677,59
DA:678,59
DA:679,59
BRDA:679,27,0,31
BRDA:679,27,1,28
DA:680,31
DA:682,28
FN:686,Pool._calcRemoveLiquidity
FNDA:3,Pool._calcRemoveLiquidity
DA:691,3
DA:692,3
DA:693,3
DA:694,3
DA:695,3
DA:696,3
DA:697,3
DA:698,3
FN:701,Pool._transferIn
FNDA:59,Pool._transferIn
DA:702,59
DA:703,59
FN:706,Pool._calcSwapOutput
FNDA:6,Pool._calcSwapOutput
DA:711,6
DA:712,6
DA:713,6
DA:714,6
DA:715,6
DA:716,6
DA:718,6
DA:719,6
FN:722,Pool._getPositionKey
FNDA:27,Pool._getPositionKey
DA:727,27
FN:730,Pool._validatePosition
FNDA:24,Pool._validatePosition
DA:737,24
BRDA:737,28,0,-
BRDA:737,28,1,24
DA:738,0
DA:741,24
DA:742,24
BRDA:742,29,0,-
BRDA:742,29,1,24
DA:743,0
DA:745,24
BRDA:745,30,0,-
BRDA:745,30,1,24
DA:746,0
FN:750,Pool._requireValidTokenPair
FNDA:27,Pool._requireValidTokenPair
DA:754,27
BRDA:754,31,0,-
BRDA:754,31,1,27
DA:755,0
FN:759,Pool._validateAsset
FNDA:3,Pool._validateAsset
DA:760,3
BRDA:760,32,0,-
BRDA:760,32,1,3
DA:761,0
FN:765,Pool._validateTranche
FNDA:67,Pool._validateTranche
DA:766,67
BRDA:766,33,0,-
BRDA:766,33,1,67
DA:767,0
FN:771,Pool._requireAddress
FNDA:10,Pool._requireAddress
DA:772,10
BRDA:772,34,0,-
BRDA:772,34,1,10
DA:773,0
FN:777,Pool._requireAmount
FNDA:84,Pool._requireAmount
DA:778,84
BRDA:778,35,0,1
BRDA:778,35,1,83
DA:779,1
DA:782,83
FN:785,Pool._requireListedToken
FNDA:73,Pool._requireListedToken
DA:786,73
BRDA:786,36,0,-
BRDA:786,36,1,73
DA:787,0
FN:791,Pool._requireOrderManager
FNDA:26,Pool._requireOrderManager
DA:792,26
BRDA:792,37,0,2
BRDA:792,37,1,24
DA:793,2
FN:797,Pool._validateFeeDistributor
FNDA:0,Pool._validateFeeDistributor
DA:798,0
BRDA:798,38,0,-
BRDA:798,38,1,-
DA:799,0
FN:803,Pool._validateMaxValue
FNDA:27,Pool._validateMaxValue
DA:804,27
BRDA:804,39,0,-
BRDA:804,39,1,27
DA:805,0
FN:809,Pool._getAmountIn
FNDA:81,Pool._getAmountIn
DA:810,81
DA:811,81
DA:812,81
FN:815,Pool._doTransferOut
FNDA:24,Pool._doTransferOut
DA:816,24
BRDA:816,40,0,-
BRDA:816,40,1,22
DA:817,22
DA:818,22
DA:819,22
FN:823,Pool._accrueInterest
FNDA:103,Pool._accrueInterest
DA:824,103
DA:825,103
DA:826,103
DA:827,103
BRDA:827,41,0,93
BRDA:827,41,1,10
DA:828,93
DA:830,10
DA:831,10
BRDA:831,42,0,4
BRDA:831,42,1,6
DA:832,4
DA:835,6
DA:836,6
DA:839,99
DA:840,99
DA:841,99
FN:848,Pool._calcSwapFee
FNDA:12,Pool._calcSwapFee
DA:853,12
DA:856,12
FN:859,Pool._calcAddRemoveLPFee
FNDA:62,Pool._calcAddRemoveLPFee
DA:864,62
FN:867,Pool._calcFeeRate
FNDA:74,Pool._calcFeeRate
DA:875,74
DA:876,74
BRDA:876,43,0,18
BRDA:876,43,1,56
DA:877,18
DA:879,56
DA:880,56
DA:881,56
DA:882,56
DA:883,56
BRDA:883,44,0,8
BRDA:883,44,1,48
DA:884,8
DA:885,8
DA:887,48
DA:888,48
DA:889,48
FN:893,Pool._getPoolValue
FNDA:124,Pool._getPoolValue
DA:894,124
DA:895,124
DA:896,284
DA:898,284
FN:903,Pool._getAllPrices
FNDA:195,Pool._getAllPrices
DA:904,195
FN:907,Pool._getTrancheValue
FNDA:71,Pool._getTrancheValue
DA:908,71
FN:911,Pool._getTrancheValue
FNDA:355,Pool._getTrancheValue
DA:912,355
DA:914,355
DA:915,1065
DA:916,1065
BRDA:916,45,0,-
BRDA:916,45,1,1065
DA:917,1065
DA:918,1065
DA:919,1065
BRDA:919,46,0,355
BRDA:919,46,1,710
DA:920,355
DA:922,710
DA:925,1065
DA:930,355
FN:933,Pool._calcManagedValue
FNDA:710,Pool._calcManagedValue
DA:938,710
DA:939,710
DA:940,710
DA:941,710
FN:944,Pool._decreaseTranchePoolAmount
FNDA:3,Pool._decreaseTranchePoolAmount
DA:945,3
DA:946,3
DA:947,3
BRDA:947,47,0,-
BRDA:947,47,1,3
DA:948,0
DA:950,3
FN:954,Pool._getPoolAsset
FNDA:212,Pool._getPoolAsset
DA:955,212
DA:956,400
DA:957,400
DA:958,400
DA:959,400
DA:960,400
DA:962,400
FN:968,Pool._reservePoolAsset
FNDA:15,Pool._reservePoolAsset
DA:975,15
DA:977,15
BRDA:977,48,0,1
BRDA:977,48,1,14
DA:978,1
DA:981,14
DA:982,14
FN:986,Pool._releasePoolAsset
FNDA:12,Pool._releasePoolAsset
DA:993,12
DA:995,12
BRDA:995,49,0,-
BRDA:995,49,1,12
DA:996,0
DA:999,12
DA:1001,12
FN:1004,Pool._reserveTrancheAsset
FNDA:14,Pool._reserveTrancheAsset
DA:1011,14
DA:1012,14
DA:1013,14
BRDA:1013,50,0,14
BRDA:1013,50,1,-
DA:1014,14
DA:1015,14
DA:1017,0
DA:1018,0
DA:1021,14
DA:1022,24
DA:1023,24
DA:1024,24
DA:1026,24
DA:1027,24
DA:1028,24
DA:1030,24
BRDA:1030,51,0,17
BRDA:1030,51,1,7
DA:1031,17
DA:1037,17
DA:1045,7
DA:1046,7
DA:1047,7
DA:1048,7
DA:1049,7
DA:1052,24
FN:1057,Pool._releaseTranchesAsset
FNDA:12,Pool._releaseTranchesAsset
DA:1064,12
DA:1066,12
DA:1067,18
DA:1068,18
DA:1069,18
DA:1072,18
DA:1073,18
DA:1074,18
DA:1076,18
DA:1079,18
DA:1080,18
BRDA:1080,52,0,12
BRDA:1080,52,1,6
DA:1081,12
DA:1085,6
DA:1086,6
DA:1087,6
DA:1088,6
DA:1089,6
DA:1091,18
DA:1093,18
FN:1103,Pool._calcTrancheSharesAmount
FNDA:20,Pool._calcTrancheSharesAmount
DA:1109,20
DA:1110,20
DA:1111,20
DA:1112,20
DA:1114,20
DA:1115,32
DA:1116,32
DA:1117,32
DA:1118,32
DA:1120,32
DA:1124,20
DA:1126,20
DA:1128,22
DA:1130,22
DA:1131,22
DA:1132,34
DA:1133,34
BRDA:1133,53,0,20
BRDA:1133,53,1,14
DA:1134,34
DA:1135,34
DA:1136,34
BRDA:1136,54,0,-
BRDA:1136,54,1,7
DA:1138,7
DA:1139,7
DA:1140,7
DA:1143,34
DA:1144,34
DA:1145,34
DA:1146,34
BRDA:1146,55,0,20
BRDA:1146,55,1,14
DA:1147,20
DA:1151,14
DA:1156,0
FN:1160,Pool._rebalanceTranches
FNDA:6,Pool._rebalanceTranches
DA:1162,6
DA:1163,6
DA:1165,6
DA:1166,8
DA:1167,8
DA:1168,8
DA:1170,8
FN:1175,Pool._liquidatePositionAllowed
FNDA:27,Pool._liquidatePositionAllowed
DA:1180,27
BRDA:1180,56,0,7
BRDA:1180,56,1,20
DA:1181,7
DA:1184,20
DA:1185,20
DA:1186,20
DA:1189,20
FN:1193,Pool._calcDecreasePayout
FNDA:12,Pool._calcDecreasePayout
DA:1203,12
DA:1204,12
DA:1208,12
DA:1209,12
DA:1211,12
DA:1214,12
DA:1215,12
DA:1216,12
DA:1217,12
DA:1219,12
DA:1220,12
DA:1221,12
BRDA:1221,57,0,3
BRDA:1221,57,1,12
DA:1222,3
DA:1224,12
BRDA:1224,58,0,2
BRDA:1224,58,1,12
DA:1226,2
DA:1227,2
DA:1230,12
DA:1231,12
DA:1232,12
DA:1233,12
BRDA:1233,59,0,1
BRDA:1233,59,1,1
DA:1235,2
DA:1236,2
DA:1239,12
FN:1242,Pool._calcPositionFee
FNDA:47,Pool._calcPositionFee
DA:1247,47
DA:1248,47
DA:1249,47
FN:1252,Pool._getIndexPrice
FNDA:30,Pool._getIndexPrice
DA:1255,30
FN:1258,Pool._getCollateralPrice
FNDA:27,Pool._getCollateralPrice
DA:1259,27
FN:1265,Pool._getPrice
FNDA:122,Pool._getPrice
DA:1266,122
FN:1269,Pool._updateGlobalShortPrice
FNDA:13,Pool._updateGlobalShortPrice
DA:1277,13
DA:1278,13
DA:1279,13
DA:1280,13
FN:1284,Pool._calcDaoFee
FNDA:83,Pool._calcDaoFee
DA:1285,83
FNF:80
FNH:59
LF:498
LH:374
BRF:120
BRH:62
end_of_record
TN:
SF:src/pool/PoolLens.sol
FN:51,PoolLens.poolAssets
FNDA:26,PoolLens.poolAssets
DA:52,26
DA:53,26
DA:54,26
DA:55,26
DA:56,26
DA:57,26
DA:58,28
DA:59,28
DA:60,28
DA:62,28
DA:65,26
DA:66,26
DA:67,26
DA:68,26
DA:69,26
DA:70,26
DA:71,26
DA:72,26
DA:73,26
FN:76,PoolLens.getPosition
FNDA:21,PoolLens.getPosition
DA:81,21
DA:82,21
DA:83,21
DA:84,21
DA:85,21
DA:86,21
DA:87,21
DA:89,21
DA:90,21
DA:91,21
DA:92,21
DA:93,21
DA:94,21
DA:95,21
DA:96,21
DA:97,21
FN:100,PoolLens._getPositionKey
FNDA:21,PoolLens._getPositionKey
DA:105,21
FN:108,PoolLens.getTrancheValue
FNDA:0,PoolLens.getTrancheValue
DA:109,0
FN:112,PoolLens.getPoolValue
FNDA:0,PoolLens.getPoolValue
DA:113,0
FN:123,PoolLens.getPoolInfo
FNDA:0,PoolLens.getPoolInfo
DA:124,0
DA:125,0
DA:126,0
DA:127,0
DA:128,0
DA:129,0
DA:130,0
DA:132,0
FNF:6
FNH:3
LF:46
LH:36
BRF:0
BRH:0
end_of_record
TN:
SF:src/tokens/LPToken.sol
FN:20,LPToken.mint
FNDA:59,LPToken.mint
DA:21,59
BRDA:21,0,0,-
BRDA:21,0,1,59
DA:22,59
FNF:1
FNH:1
LF:2
LH:2
BRF:2
BRH:1
end_of_record
TN:
SF:test/Fixture.sol
FN:16,TestPool.getTrancheAsset
FNDA:3,TestPool.getTrancheAsset
DA:17,3
FN:20,TestPool.tranchePoolBalance
FNDA:6,TestPool.tranchePoolBalance
DA:21,6
FN:24,TestPool.getPoolTokenInfo
FNDA:0,TestPool.getPoolTokenInfo
DA:25,0
FN:28,TestPool.getLpPrice
FNDA:4,TestPool.getLpPrice
DA:29,4
BRDA:29,0,0,-
BRDA:29,0,1,4
DA:30,0
DA:33,4
DA:34,4
FN:51,Fixture.build
FNDA:0,Fixture.build
DA:52,0
DA:53,0
DA:54,0
DA:55,0
DA:56,0
DA:57,0
DA:58,0
FN:66,PoolTestFixture.build
FNDA:0,PoolTestFixture.build
DA:67,0
DA:69,0
DA:70,0
DA:71,0
DA:79,0
DA:80,0
DA:81,0
DA:82,0
DA:83,0
DA:84,0
DA:85,0
DA:86,0
DA:87,0
DA:89,0
DA:90,0
DA:91,0
FNF:6
FNH:3
LF:30
LH:5
BRF:2
BRH:1
end_of_record
TN:
SF:test/mocks/MockERC20.sol
FN:21,MockERC20.mint
FNDA:33,MockERC20.mint
DA:22,33
FN:25,MockERC20.mintTo
FNDA:0,MockERC20.mintTo
DA:26,0
FN:29,MockERC20.decimals
FNDA:9,MockERC20.decimals
DA:30,9
FNF:3
FNH:2
LF:3
LH:2
BRF:0
BRH:0
end_of_record
TN:
SF:test/mocks/MockOracle.sol
FN:6,MockOracle.setPrice
FNDA:64,MockOracle.setPrice
DA:7,64
FN:10,MockOracle.getPrice
FNDA:147,MockOracle.getPrice
DA:11,147
FN:14,MockOracle.getMultiplePrices
FNDA:195,MockOracle.getMultiplePrices
DA:15,195
DA:16,195
DA:18,195
DA:19,585
DA:21,585
DA:25,195
FNF:3
FNH:3
LF:8
LH:8
BRF:0
BRH:0
end_of_record
TN:
SF:test/mocks/WETH.sol
FN:39,WETH9.deposit
FNDA:13,WETH9.deposit
DA:40,13
DA:41,13
FN:44,WETH9.withdraw
FNDA:2,WETH9.withdraw
DA:45,2
BRDA:45,0,0,-
BRDA:45,0,1,2
DA:46,2
DA:47,2
DA:48,2
FN:51,WETH9.totalSupply
FNDA:0,WETH9.totalSupply
DA:52,0
FN:55,WETH9.approve
FNDA:13,WETH9.approve
DA:56,13
DA:57,13
DA:58,13
FN:61,WETH9.transfer
FNDA:4,WETH9.transfer
DA:62,4
FN:65,WETH9.transferFrom
FNDA:13,WETH9.transferFrom
DA:66,17
BRDA:66,1,0,-
BRDA:66,1,1,17
DA:68,17
BRDA:68,2,0,-
BRDA:68,2,1,13
DA:69,13
BRDA:69,3,0,-
BRDA:69,3,1,13
DA:70,13
DA:73,17
DA:74,17
DA:76,17
DA:78,17
FNF:6
FNH:5
LF:19
LH:18
BRF:8
BRH:4
end_of_record
